# JRE version: OpenJDK Runtime Environment (8.0_212-b04) (build 1.8.0_212-release-1586-b04)
# Java VM: OpenJDK 64-Bit Server VM (25.212-b04 mixed mode windows-amd64 compressed oops)
Heap:
 PSYoungGen      total 269312K, used 139307K [0x00000000e0000000, 0x00000000f6280000, 0x0000000100000000)
  eden space 243200K, 46% used [0x00000000e0000000,0x00000000e6e8e118,0x00000000eed80000)
  from space 26112K, 99% used [0x00000000eed80000,0x00000000f06fccf0,0x00000000f0700000)
  to   space 38912K, 0% used [0x00000000f3c80000,0x00000000f3c80000,0x00000000f6280000)
 ParOldGen       total 88064K, used 57952K [0x00000000a0000000, 0x00000000a5600000, 0x00000000e0000000)
  object space 88064K, 65% used [0x00000000a0000000,0x00000000a38980c0,0x00000000a5600000)
 Metaspace       used 82347K, capacity 85614K, committed 85848K, reserved 1124352K
  class space    used 11071K, capacity 11744K, committed 11864K, reserved 1048576K
GC Heap History (10 events):
Event: 28.043 GC heap before
{Heap before GC invocations=14 (full 2):
 PSYoungGen      total 173056K, used 116274K [0x00000000e0000000, 0x00000000eec00000, 0x0000000100000000)
  eden space 159744K, 64% used [0x00000000e0000000,0x00000000e648f800,0x00000000e9c00000)
  from space 13312K, 99% used [0x00000000e9c00000,0x00000000ea8fd2b8,0x00000000ea900000)
  to   space 17920K, 0% used [0x00000000eda80000,0x00000000eda80000,0x00000000eec00000)
 ParOldGen       total 55808K, used 24365K [0x00000000a0000000, 0x00000000a3680000, 0x00000000e0000000)
  object space 55808K, 43% used [0x00000000a0000000,0x00000000a17cb700,0x00000000a3680000)
 Metaspace       used 57046K, capacity 59060K, committed 59096K, reserved 1099776K
  class space    used 7899K, capacity 8373K, committed 8408K, reserved 1048576K
Event: 28.102 GC heap after
Heap after GC invocations=14 (full 2):
 PSYoungGen      total 219648K, used 17914K [0x00000000e0000000, 0x00000000ef280000, 0x0000000100000000)
  eden space 201728K, 0% used [0x00000000e0000000,0x00000000e0000000,0x00000000ec500000)
  from space 17920K, 99% used [0x00000000eda80000,0x00000000eebfe928,0x00000000eec00000)
  to   space 22016K, 0% used [0x00000000ec500000,0x00000000ec500000,0x00000000eda80000)
 ParOldGen       total 55808K, used 27314K [0x00000000a0000000, 0x00000000a3680000, 0x00000000e0000000)
  object space 55808K, 48% used [0x00000000a0000000,0x00000000a1aac848,0x00000000a3680000)
 Metaspace       used 57046K, capacity 59060K, committed 59096K, reserved 1099776K
  class space    used 7899K, capacity 8373K, committed 8408K, reserved 1048576K
}
Event: 28.102 GC heap before
{Heap before GC invocations=15 (full 3):
 PSYoungGen      total 219648K, used 17914K [0x00000000e0000000, 0x00000000ef280000, 0x0000000100000000)
  eden space 201728K, 0% used [0x00000000e0000000,0x00000000e0000000,0x00000000ec500000)
  from space 17920K, 99% used [0x00000000eda80000,0x00000000eebfe928,0x00000000eec00000)
  to   space 22016K, 0% used [0x00000000ec500000,0x00000000ec500000,0x00000000eda80000)
 ParOldGen       total 55808K, used 27314K [0x00000000a0000000, 0x00000000a3680000, 0x00000000e0000000)
  object space 55808K, 48% used [0x00000000a0000000,0x00000000a1aac848,0x00000000a3680000)
 Metaspace       used 57046K, capacity 59060K, committed 59096K, reserved 1099776K
  class space    used 7899K, capacity 8373K, committed 8408K, reserved 1048576K
Event: 28.469 GC heap after
Heap after GC invocations=15 (full 3):
 PSYoungGen      total 219648K, used 0K [0x00000000e0000000, 0x00000000ef280000, 0x0000000100000000)
  eden space 201728K, 0% used [0x00000000e0000000,0x00000000e0000000,0x00000000ec500000)
  from space 17920K, 0% used [0x00000000eda80000,0x00000000eda80000,0x00000000eec00000)
  to   space 22016K, 0% used [0x00000000ec500000,0x00000000ec500000,0x00000000eda80000)
 ParOldGen       total 88064K, used 34577K [0x00000000a0000000, 0x00000000a5600000, 0x00000000e0000000)
  object space 88064K, 39% used [0x00000000a0000000,0x00000000a21c4410,0x00000000a5600000)
 Metaspace       used 56996K, capacity 58918K, committed 59096K, reserved 1099776K
  class space    used 7883K, capacity 8344K, committed 8408K, reserved 1048576K
}
Event: 46.008 GC heap before
{Heap before GC invocations=16 (full 3):
 PSYoungGen      total 219648K, used 201728K [0x00000000e0000000, 0x00000000ef280000, 0x0000000100000000)
  eden space 201728K, 100% used [0x00000000e0000000,0x00000000ec500000,0x00000000ec500000)
  from space 17920K, 0% used [0x00000000eda80000,0x00000000eda80000,0x00000000eec00000)
  to   space 22016K, 0% used [0x00000000ec500000,0x00000000ec500000,0x00000000eda80000)
 ParOldGen       total 88064K, used 34577K [0x00000000a0000000, 0x00000000a5600000, 0x00000000e0000000)
  object space 88064K, 39% used [0x00000000a0000000,0x00000000a21c4410,0x00000000a5600000)
 Metaspace       used 70887K, capacity 73772K, committed 73944K, reserved 1112064K
  class space    used 9790K, capacity 10381K, committed 10456K, reserved 1048576K
Event: 46.100 GC heap after
Heap after GC invocations=16 (full 3):
 PSYoungGen      total 223744K, used 20545K [0x00000000e0000000, 0x00000000f2080000, 0x0000000100000000)
  eden space 201728K, 0% used [0x00000000e0000000,0x00000000e0000000,0x00000000ec500000)
  from space 22016K, 93% used [0x00000000ec500000,0x00000000ed910438,0x00000000eda80000)
  to   space 25088K, 0% used [0x00000000f0800000,0x00000000f0800000,0x00000000f2080000)
 ParOldGen       total 88064K, used 34593K [0x00000000a0000000, 0x00000000a5600000, 0x00000000e0000000)
  object space 88064K, 39% used [0x00000000a0000000,0x00000000a21c8410,0x00000000a5600000)
 Metaspace       used 70887K, capacity 73772K, committed 73944K, reserved 1112064K
  class space    used 9790K, capacity 10381K, committed 10456K, reserved 1048576K
}
Event: 51.079 GC heap before
{Heap before GC invocations=17 (full 3):
 PSYoungGen      total 223744K, used 222273K [0x00000000e0000000, 0x00000000f2080000, 0x0000000100000000)
  eden space 201728K, 100% used [0x00000000e0000000,0x00000000ec500000,0x00000000ec500000)
  from space 22016K, 93% used [0x00000000ec500000,0x00000000ed910438,0x00000000eda80000)
  to   space 25088K, 0% used [0x00000000f0800000,0x00000000f0800000,0x00000000f2080000)
 ParOldGen       total 88064K, used 34593K [0x00000000a0000000, 0x00000000a5600000, 0x00000000e0000000)
  object space 88064K, 39% used [0x00000000a0000000,0x00000000a21c8410,0x00000000a5600000)
 Metaspace       used 75280K, capacity 78290K, committed 78296K, reserved 1116160K
  class space    used 10350K, capacity 10962K, committed 10968K, reserved 1048576K
Event: 51.117 GC heap after
Heap after GC invocations=17 (full 3):
 PSYoungGen      total 268288K, used 17758K [0x00000000e0000000, 0x00000000f2080000, 0x0000000100000000)
  eden space 243200K, 0% used [0x00000000e0000000,0x00000000e0000000,0x00000000eed80000)
  from space 25088K, 70% used [0x00000000f0800000,0x00000000f1957858,0x00000000f2080000)
  to   space 26112K, 0% used [0x00000000eed80000,0x00000000eed80000,0x00000000f0700000)
 ParOldGen       total 88064K, used 34601K [0x00000000a0000000, 0x00000000a5600000, 0x00000000e0000000)
  object space 88064K, 39% used [0x00000000a0000000,0x00000000a21ca410,0x00000000a5600000)
 Metaspace       used 75280K, capacity 78290K, committed 78296K, reserved 1116160K
  class space    used 10350K, capacity 10962K, committed 10968K, reserved 1048576K
}
Event: 304.112 GC heap before
{Heap before GC invocations=18 (full 3):
 PSYoungGen      total 268288K, used 260958K [0x00000000e0000000, 0x00000000f2080000, 0x0000000100000000)
  eden space 243200K, 100% used [0x00000000e0000000,0x00000000eed80000,0x00000000eed80000)
  from space 25088K, 70% used [0x00000000f0800000,0x00000000f1957858,0x00000000f2080000)
  to   space 26112K, 0% used [0x00000000eed80000,0x00000000eed80000,0x00000000f0700000)
 ParOldGen       total 88064K, used 34601K [0x00000000a0000000, 0x00000000a5600000, 0x00000000e0000000)
  object space 88064K, 39% used [0x00000000a0000000,0x00000000a21ca410,0x00000000a5600000)
 Metaspace       used 82320K, capacity 85614K, committed 85848K, reserved 1124352K
  class space    used 11070K, capacity 11744K, committed 11864K, reserved 1048576K
Event: 304.383 GC heap after
Heap after GC invocations=18 (full 3):
 PSYoungGen      total 269312K, used 26099K [0x00000000e0000000, 0x00000000f6280000, 0x0000000100000000)
  eden space 243200K, 0% used [0x00000000e0000000,0x00000000e0000000,0x00000000eed80000)
  from space 26112K, 99% used [0x00000000eed80000,0x00000000f06fccf0,0x00000000f0700000)
  to   space 38912K, 0% used [0x00000000f3c80000,0x00000000f3c80000,0x00000000f6280000)
 ParOldGen       total 88064K, used 57952K [0x00000000a0000000, 0x00000000a5600000, 0x00000000e0000000)
  object space 88064K, 65% used [0x00000000a0000000,0x00000000a38980c0,0x00000000a5600000)
 Metaspace       used 82320K, capacity 85614K, committed 85848K, reserved 1124352K
  class space    used 11070K, capacity 11744K, committed 11864K, reserved 1048576K
}

