# JRE version: OpenJDK Runtime Environment (8.0_212-b04) (build 1.8.0_212-release-1586-b04)
# Java VM: OpenJDK 64-Bit Server VM (25.212-b04 mixed mode windows-amd64 compressed oops)
Heap:
 PSYoungGen      total 179712K, used 15970K [0x00000000e0000000, 0x00000000ecd00000, 0x0000000100000000)
  eden space 165376K, 1% used [0x00000000e0000000,0x00000000e01da7e0,0x00000000ea180000)
  from space 14336K, 98% used [0x00000000ebf00000,0x00000000eccbe298,0x00000000ecd00000)
  to   space 17408K, 0% used [0x00000000eab00000,0x00000000eab00000,0x00000000ebc00000)
 ParOldGen       total 52224K, used 31210K [0x00000000a0000000, 0x00000000a3300000, 0x00000000e0000000)
  object space 52224K, 59% used [0x00000000a0000000,0x00000000a1e7a9e8,0x00000000a3300000)
 Metaspace       used 60975K, capacity 63128K, committed 63272K, reserved 1103872K
  class space    used 8416K, capacity 8903K, committed 9000K, reserved 1048576K
GC Heap History (10 events):
Event: 19.096 GC heap before
{Heap before GC invocations=15 (full 2):
 PSYoungGen      total 119808K, used 111104K [0x00000000e0000000, 0x00000000e8b80000, 0x0000000100000000)
  eden space 111104K, 100% used [0x00000000e0000000,0x00000000e6c80000,0x00000000e6c80000)
  from space 8704K, 0% used [0x00000000e7500000,0x00000000e7500000,0x00000000e7d80000)
  to   space 8704K, 0% used [0x00000000e6c80000,0x00000000e6c80000,0x00000000e7500000)
 ParOldGen       total 52224K, used 16010K [0x00000000a0000000, 0x00000000a3300000, 0x00000000e0000000)
  object space 52224K, 30% used [0x00000000a0000000,0x00000000a0fa2af8,0x00000000a3300000)
 Metaspace       used 45364K, capacity 46442K, committed 46632K, reserved 1089536K
  class space    used 6085K, capacity 6383K, committed 6440K, reserved 1048576K
Event: 19.120 GC heap after
Heap after GC invocations=15 (full 2):
 PSYoungGen      total 119808K, used 8675K [0x00000000e0000000, 0x00000000ea300000, 0x0000000100000000)
  eden space 111104K, 0% used [0x00000000e0000000,0x00000000e0000000,0x00000000e6c80000)
  from space 8704K, 99% used [0x00000000e6c80000,0x00000000e74f8fe0,0x00000000e7500000)
  to   space 11776K, 0% used [0x00000000e9780000,0x00000000e9780000,0x00000000ea300000)
 ParOldGen       total 52224K, used 21314K [0x00000000a0000000, 0x00000000a3300000, 0x00000000e0000000)
  object space 52224K, 40% used [0x00000000a0000000,0x00000000a14d0bf8,0x00000000a3300000)
 Metaspace       used 45364K, capacity 46442K, committed 46632K, reserved 1089536K
  class space    used 6085K, capacity 6383K, committed 6440K, reserved 1048576K
}
Event: 22.912 GC heap before
{Heap before GC invocations=16 (full 2):
 PSYoungGen      total 119808K, used 119779K [0x00000000e0000000, 0x00000000ea300000, 0x0000000100000000)
  eden space 111104K, 100% used [0x00000000e0000000,0x00000000e6c80000,0x00000000e6c80000)
  from space 8704K, 99% used [0x00000000e6c80000,0x00000000e74f8fe0,0x00000000e7500000)
  to   space 11776K, 0% used [0x00000000e9780000,0x00000000e9780000,0x00000000ea300000)
 ParOldGen       total 52224K, used 21314K [0x00000000a0000000, 0x00000000a3300000, 0x00000000e0000000)
  object space 52224K, 40% used [0x00000000a0000000,0x00000000a14d0bf8,0x00000000a3300000)
 Metaspace       used 55061K, capacity 56782K, committed 57000K, reserved 1097728K
  class space    used 7592K, capacity 7992K, committed 8104K, reserved 1048576K
Event: 22.947 GC heap after
Heap after GC invocations=16 (full 2):
 PSYoungGen      total 150528K, used 11760K [0x00000000e0000000, 0x00000000eab00000, 0x0000000100000000)
  eden space 138752K, 0% used [0x00000000e0000000,0x00000000e0000000,0x00000000e8780000)
  from space 11776K, 99% used [0x00000000e9780000,0x00000000ea2fc0a0,0x00000000ea300000)
  to   space 16384K, 0% used [0x00000000e8780000,0x00000000e8780000,0x00000000e9780000)
 ParOldGen       total 52224K, used 28711K [0x00000000a0000000, 0x00000000a3300000, 0x00000000e0000000)
  object space 52224K, 54% used [0x00000000a0000000,0x00000000a1c09d28,0x00000000a3300000)
 Metaspace       used 55061K, capacity 56782K, committed 57000K, reserved 1097728K
  class space    used 7592K, capacity 7992K, committed 8104K, reserved 1048576K
}
Event: 24.362 GC heap before
{Heap before GC invocations=17 (full 2):
 PSYoungGen      total 150528K, used 51070K [0x00000000e0000000, 0x00000000eab00000, 0x0000000100000000)
  eden space 138752K, 28% used [0x00000000e0000000,0x00000000e2663ae0,0x00000000e8780000)
  from space 11776K, 99% used [0x00000000e9780000,0x00000000ea2fc0a0,0x00000000ea300000)
  to   space 16384K, 0% used [0x00000000e8780000,0x00000000e8780000,0x00000000e9780000)
 ParOldGen       total 52224K, used 28711K [0x00000000a0000000, 0x00000000a3300000, 0x00000000e0000000)
  object space 52224K, 54% used [0x00000000a0000000,0x00000000a1c09d28,0x00000000a3300000)
 Metaspace       used 57120K, capacity 59074K, committed 59160K, reserved 1099776K
  class space    used 7912K, capacity 8348K, committed 8360K, reserved 1048576K
Event: 24.386 GC heap after
Heap after GC invocations=17 (full 2):
 PSYoungGen      total 155136K, used 4978K [0x00000000e0000000, 0x00000000ece00000, 0x0000000100000000)
  eden space 138752K, 0% used [0x00000000e0000000,0x00000000e0000000,0x00000000e8780000)
  from space 16384K, 30% used [0x00000000e8780000,0x00000000e8c5ca18,0x00000000e9780000)
  to   space 15360K, 0% used [0x00000000ebf00000,0x00000000ebf00000,0x00000000ece00000)
 ParOldGen       total 52224K, used 34805K [0x00000000a0000000, 0x00000000a3300000, 0x00000000e0000000)
  object space 52224K, 66% used [0x00000000a0000000,0x00000000a21fd4f8,0x00000000a3300000)
 Metaspace       used 57120K, capacity 59074K, committed 59160K, reserved 1099776K
  class space    used 7912K, capacity 8348K, committed 8360K, reserved 1048576K
}
Event: 24.386 GC heap before
{Heap before GC invocations=18 (full 3):
 PSYoungGen      total 155136K, used 4978K [0x00000000e0000000, 0x00000000ece00000, 0x0000000100000000)
  eden space 138752K, 0% used [0x00000000e0000000,0x00000000e0000000,0x00000000e8780000)
  from space 16384K, 30% used [0x00000000e8780000,0x00000000e8c5ca18,0x00000000e9780000)
  to   space 15360K, 0% used [0x00000000ebf00000,0x00000000ebf00000,0x00000000ece00000)
 ParOldGen       total 52224K, used 34805K [0x00000000a0000000, 0x00000000a3300000, 0x00000000e0000000)
  object space 52224K, 66% used [0x00000000a0000000,0x00000000a21fd4f8,0x00000000a3300000)
 Metaspace       used 57120K, capacity 59074K, committed 59160K, reserved 1099776K
  class space    used 7912K, capacity 8348K, committed 8360K, reserved 1048576K
Event: 24.818 GC heap after
Heap after GC invocations=18 (full 3):
 PSYoungGen      total 155136K, used 0K [0x00000000e0000000, 0x00000000ece00000, 0x0000000100000000)
  eden space 138752K, 0% used [0x00000000e0000000,0x00000000e0000000,0x00000000e8780000)
  from space 16384K, 0% used [0x00000000e8780000,0x00000000e8780000,0x00000000e9780000)
  to   space 15360K, 0% used [0x00000000ebf00000,0x00000000ebf00000,0x00000000ece00000)
 ParOldGen       total 52224K, used 31202K [0x00000000a0000000, 0x00000000a3300000, 0x00000000e0000000)
  object space 52224K, 59% used [0x00000000a0000000,0x00000000a1e789e8,0x00000000a3300000)
 Metaspace       used 57056K, capacity 58886K, committed 59160K, reserved 1099776K
  class space    used 7892K, capacity 8312K, committed 8360K, reserved 1048576K
}
Event: 30.112 GC heap before
{Heap before GC invocations=19 (full 3):
 PSYoungGen      total 155136K, used 138752K [0x00000000e0000000, 0x00000000ece00000, 0x0000000100000000)
  eden space 138752K, 100% used [0x00000000e0000000,0x00000000e8780000,0x00000000e8780000)
  from space 16384K, 0% used [0x00000000e8780000,0x00000000e8780000,0x00000000e9780000)
  to   space 15360K, 0% used [0x00000000ebf00000,0x00000000ebf00000,0x00000000ece00000)
 ParOldGen       total 52224K, used 31202K [0x00000000a0000000, 0x00000000a3300000, 0x00000000e0000000)
  object space 52224K, 59% used [0x00000000a0000000,0x00000000a1e789e8,0x00000000a3300000)
 Metaspace       used 60607K, capacity 62744K, committed 62888K, reserved 1103872K
  class space    used 8370K, capacity 8859K, committed 8872K, reserved 1048576K
Event: 30.138 GC heap after
Heap after GC invocations=19 (full 3):
 PSYoungGen      total 179712K, used 14072K [0x00000000e0000000, 0x00000000ecd00000, 0x0000000100000000)
  eden space 165376K, 0% used [0x00000000e0000000,0x00000000e0000000,0x00000000ea180000)
  from space 14336K, 98% used [0x00000000ebf00000,0x00000000eccbe298,0x00000000ecd00000)
  to   space 17408K, 0% used [0x00000000eab00000,0x00000000eab00000,0x00000000ebc00000)
 ParOldGen       total 52224K, used 31210K [0x00000000a0000000, 0x00000000a3300000, 0x00000000e0000000)
  object space 52224K, 59% used [0x00000000a0000000,0x00000000a1e7a9e8,0x00000000a3300000)
 Metaspace       used 60607K, capacity 62744K, committed 62888K, reserved 1103872K
  class space    used 8370K, capacity 8859K, committed 8872K, reserved 1048576K
}

